161103 10:18:25 [Note] Plugin 'FEDERATED' is disabled.
161103 10:18:25 InnoDB: The InnoDB memory heap is disabled
161103 10:18:25 InnoDB: Mutexes and rw_locks use Windows interlocked functions
161103 10:18:25 InnoDB: Compressed tables use zlib 1.2.3
161103 10:18:25 InnoDB: Initializing buffer pool, size = 128.0M
161103 10:18:26 InnoDB: Completed initialization of buffer pool
InnoDB: The first specified data file .\ibdata1 did not exist:
InnoDB: a new database to be created!
161103 10:18:26  InnoDB: Setting file .\ibdata1 size to 10 MB
InnoDB: Database physically writes the file full: wait...
161103 10:18:26  InnoDB: Log file .\ib_logfile0 did not exist: new to be created
InnoDB: Setting log file .\ib_logfile0 size to 5 MB
InnoDB: Database physically writes the file full: wait...
161103 10:18:26  InnoDB: Log file .\ib_logfile1 did not exist: new to be created
InnoDB: Setting log file .\ib_logfile1 size to 5 MB
InnoDB: Database physically writes the file full: wait...
InnoDB: Doublewrite buffer not found: creating new
InnoDB: Doublewrite buffer created
InnoDB: 127 rollback segment(s) active.
InnoDB: Creating foreign key constraint system tables
InnoDB: Foreign key constraint system tables created
161103 10:18:27  InnoDB: Waiting for the background threads to start
161103 10:18:29 InnoDB: 1.1.8 started; log sequence number 0
161103 10:18:29 [Note] Server hostname (bind-address): '127.0.0.1'; port: 3306
161103 10:18:29 [Note]   - '127.0.0.1' resolves to '127.0.0.1';
161103 10:18:29 [Note] Server socket created on IP: '127.0.0.1'.
161104  9:12:31 [Note] Plugin 'FEDERATED' is disabled.
161104  9:12:31 InnoDB: The InnoDB memory heap is disabled
161104  9:12:31 InnoDB: Mutexes and rw_locks use Windows interlocked functions
161104  9:12:31 InnoDB: Compressed tables use zlib 1.2.3
161104  9:12:31 InnoDB: Initializing buffer pool, size = 128.0M
161104  9:12:31 InnoDB: Completed initialization of buffer pool
161104  9:12:31 InnoDB: highest supported file format is Barracuda.
InnoDB: The log sequence number in ibdata files does not match
InnoDB: the log sequence number in the ib_logfiles!
161104  9:12:31  InnoDB: Database was not shut down normally!
InnoDB: Starting crash recovery.
InnoDB: Reading tablespace information from the .ibd files...
InnoDB: Restoring possible half-written data pages from the doublewrite
InnoDB: buffer...
161104  9:12:32  InnoDB: Waiting for the background threads to start
161104  9:12:33 InnoDB: 1.1.8 started; log sequence number 1603798
161104  9:12:33 [Note] Server hostname (bind-address): '127.0.0.1'; port: 3306
161104  9:12:33 [Note]   - '127.0.0.1' resolves to '127.0.0.1';
161104  9:12:33 [Note] Server socket created on IP: '127.0.0.1'.
161107 13:22:46 [Note] Plugin 'FEDERATED' is disabled.
161107 13:22:46 InnoDB: The InnoDB memory heap is disabled
161107 13:22:46 InnoDB: Mutexes and rw_locks use Windows interlocked functions
161107 13:22:46 InnoDB: Compressed tables use zlib 1.2.3
161107 13:22:46 InnoDB: Initializing buffer pool, size = 128.0M
161107 13:22:47 InnoDB: Completed initialization of buffer pool
161107 13:22:47 InnoDB: highest supported file format is Barracuda.
InnoDB: The log sequence number in ibdata files does not match
InnoDB: the log sequence number in the ib_logfiles!
161107 13:22:47  InnoDB: Database was not shut down normally!
InnoDB: Starting crash recovery.
InnoDB: Reading tablespace information from the .ibd files...
InnoDB: Restoring possible half-written data pages from the doublewrite
InnoDB: buffer...
161107 13:22:49  InnoDB: Waiting for the background threads to start
161107 13:22:50 InnoDB: 1.1.8 started; log sequence number 1603798
161107 13:22:50 [Note] Server hostname (bind-address): '127.0.0.1'; port: 3306
161107 13:22:50 [Note]   - '127.0.0.1' resolves to '127.0.0.1';
161107 13:22:50 [Note] Server socket created on IP: '127.0.0.1'.
